<?xml version="1.0" encoding="UTF-8"?>
<!-- Generated by org.testng.reporters.JUnitReportReporter -->
<testsuite hostname="DESKTOP-G8O6OG0" failures="0" tests="7" name="com.TestNGDemos.D15LoginToOHRM_DDF" time="0.073" errors="0" timestamp="2025-12-14T19:02:53 IST" skipped="0">
  <testcase classname="com.TestNGDemos.D15LoginToOHRM_DDF" name="f" time="0.004"/>
  <testcase classname="com.TestNGDemos.D15LoginToOHRM_DDF" name="f" time="0.021"/>
  <testcase classname="com.TestNGDemos.D15LoginToOHRM_DDF" name="f" time="0.019"/>
  <testcase classname="com.TestNGDemos.D15LoginToOHRM_DDF" name="f" time="0.009"/>
  <testcase classname="com.TestNGDemos.D15LoginToOHRM_DDF" name="f" time="0.011"/>
  <testcase classname="com.TestNGDemos.D15LoginToOHRM_DDF" name="f" time="0.004"/>
  <testcase classname="com.TestNGDemos.D15LoginToOHRM_DDF" name="f" time="0.005"/>
</testsuite> <!-- com.TestNGDemos.D15LoginToOHRM_DDF -->
