<?xml version="1.0" encoding="UTF-8"?>
<!-- Generated by org.testng.reporters.JUnitReportReporter -->
<testsuite hostname="DESKTOP-G8O6OG0" failures="0" tests="4" name="com.TestNGDemos.D13CreateLoginData" time="0.036" errors="0" timestamp="2025-12-12T18:47:27 IST" skipped="0">
  <testcase classname="com.TestNGDemos.D13CreateLoginData" name="f" time="0.008"/>
  <testcase classname="com.TestNGDemos.D13CreateLoginData" name="f" time="0.007"/>
  <testcase classname="com.TestNGDemos.D13CreateLoginData" name="f" time="0.009"/>
  <testcase classname="com.TestNGDemos.D13CreateLoginData" name="f" time="0.012"/>
</testsuite> <!-- com.TestNGDemos.D13CreateLoginData -->
