<?xml version="1.0" encoding="UTF-8"?>
<!-- Generated by org.testng.reporters.JUnitReportReporter -->
<testsuite hostname="DESKTOP-G8O6OG0" failures="0" tests="4" name="com.TestNGDemos.D02TestOnlineShoppingApps" time="36.925" errors="0" timestamp="2025-11-24T20:40:14 IST" skipped="0">
  <testcase classname="com.TestNGDemos.D02TestOnlineShoppingApps" name="testNykaa" time="12.431"/>
  <testcase classname="com.TestNGDemos.D02TestOnlineShoppingApps" name="testFirstCry" time="7.353"/>
  <testcase classname="com.TestNGDemos.D02TestOnlineShoppingApps" name="testAmazon" time="7.664"/>
  <testcase classname="com.TestNGDemos.D02TestOnlineShoppingApps" name="testBigBasket" time="9.477"/>
</testsuite> <!-- com.TestNGDemos.D02TestOnlineShoppingApps -->
