<?xml version="1.0" encoding="UTF-8"?>
<!-- Generated by org.testng.reporters.JUnitReportReporter -->
<testsuite hostname="DESKTOP-G8O6OG0" failures="0" tests="4" name="com.TestNGDemos.D05BigBasketAssignment" time="33.861" errors="0" timestamp="2025-11-26T18:28:27 IST" skipped="0">
  <testcase classname="com.TestNGDemos.D05BigBasketAssignment" name="clickExoticFruits" time="8.875"/>
  <testcase classname="com.TestNGDemos.D05BigBasketAssignment" name="clickTea" time="7.258"/>
  <testcase classname="com.TestNGDemos.D05BigBasketAssignment" name="clickGhee" time="10.356"/>
  <testcase classname="com.TestNGDemos.D05BigBasketAssignment" name="clickNandini" time="7.372"/>
</testsuite> <!-- com.TestNGDemos.D05BigBasketAssignment -->
