<?xml version="1.0" encoding="UTF-8"?>
<!-- Generated by org.testng.reporters.JUnitReportReporter -->
<testsuite hostname="DESKTOP-G8O6OG0" failures="0" tests="4" name="com.TestNGDemos.D04Before_AfterMethod" time="14.726" errors="0" timestamp="2025-11-28T19:05:58 IST" skipped="0">
  <testcase classname="com.TestNGDemos.D04Before_AfterMethod" name="testNykaa" time="2.010"/>
  <testcase classname="com.TestNGDemos.D04Before_AfterMethod" name="testFirstCry" time="2.943"/>
  <testcase classname="com.TestNGDemos.D04Before_AfterMethod" name="testAmazon" time="9.145"/>
  <testcase classname="com.TestNGDemos.D04Before_AfterMethod" name="testBigBasket" time="0.628"/>
</testsuite> <!-- com.TestNGDemos.D04Before_AfterMethod -->
