<?xml version="1.0" encoding="UTF-8"?>
<!-- Generated by org.testng.reporters.JUnitReportReporter -->
<testsuite hostname="DESKTOP-G8O6OG0" failures="0" tests="5" name="com.TestNGDemos.D06DataDrivenTesting" time="12.176" errors="0" timestamp="2025-11-26T19:20:17 IST" skipped="0">
  <testcase classname="com.TestNGDemos.D06DataDrivenTesting" name="login" time="1.287"/>
  <testcase classname="com.TestNGDemos.D06DataDrivenTesting" name="login" time="3.752"/>
  <testcase classname="com.TestNGDemos.D06DataDrivenTesting" name="login" time="5.464"/>
  <testcase classname="com.TestNGDemos.D06DataDrivenTesting" name="login" time="0.790"/>
  <testcase classname="com.TestNGDemos.D06DataDrivenTesting" name="login" time="0.883"/>
</testsuite> <!-- com.TestNGDemos.D06DataDrivenTesting -->
