<?xml version="1.0" encoding="UTF-8"?>
<!-- Generated by org.testng.reporters.JUnitReportReporter -->
<testsuite hostname="DESKTOP-G8O6OG0" failures="0" tests="4" name="com.TestNGDemos.D04Before_AfterMethod" time="21.672" errors="0" timestamp="2025-11-25T20:08:37 IST" skipped="0">
  <testcase classname="com.TestNGDemos.D04Before_AfterMethod" name="testNykaa" time="6.124"/>
  <testcase classname="com.TestNGDemos.D04Before_AfterMethod" name="testFirstCry" time="6.850"/>
  <testcase classname="com.TestNGDemos.D04Before_AfterMethod" name="testAmazon" time="0.398"/>
  <testcase classname="com.TestNGDemos.D04Before_AfterMethod" name="testBigBasket" time="8.300"/>
</testsuite> <!-- com.TestNGDemos.D04Before_AfterMethod -->
