<?xml version="1.0" encoding="UTF-8"?>
<!-- Generated by org.testng.reporters.JUnitReportReporter -->
<testsuite hostname="DESKTOP-G8O6OG0" failures="0" tests="4" name="com.TestNGDemos.D03Before_AfterTest" time="25.315" errors="0" timestamp="2025-11-24T21:03:49 IST" skipped="0">
  <testcase classname="com.TestNGDemos.D03Before_AfterTest" name="testNykaa" time="7.100"/>
  <testcase classname="com.TestNGDemos.D03Before_AfterTest" name="testFirstCry" time="5.636"/>
  <testcase classname="com.TestNGDemos.D03Before_AfterTest" name="testAmazon" time="4.751"/>
  <testcase classname="com.TestNGDemos.D03Before_AfterTest" name="testBigBasket" time="7.828"/>
</testsuite> <!-- com.TestNGDemos.D03Before_AfterTest -->
