<?xml version="1.0" encoding="UTF-8"?>
<!-- Generated by org.testng.reporters.JUnitReportReporter -->
<testsuite hostname="DESKTOP-G8O6OG0" failures="0" tests="4" name="com.TestNGDemos.D03Before_AfterTest" time="19.007" errors="0" timestamp="2025-11-25T19:48:33 IST" skipped="0">
  <testcase classname="com.TestNGDemos.D03Before_AfterTest" name="testNykaa" time="9.917"/>
  <testcase classname="com.TestNGDemos.D03Before_AfterTest" name="testFirstCry" time="7.003"/>
  <testcase classname="com.TestNGDemos.D03Before_AfterTest" name="testAmazon" time="1.318"/>
  <testcase classname="com.TestNGDemos.D03Before_AfterTest" name="testBigBasket" time="0.769"/>
</testsuite> <!-- com.TestNGDemos.D03Before_AfterTest -->
