<?xml version="1.0" encoding="UTF-8"?>
<!-- Generated by org.testng.reporters.JUnitReportReporter -->
<testsuite hostname="DESKTOP-G8O6OG0" failures="0" tests="5" name="com.TestNGDemos.D13CreateLoginData" time="0.045" errors="0" timestamp="2025-12-10T19:27:02 IST" skipped="0">
  <testcase classname="com.TestNGDemos.D13CreateLoginData" name="f" time="0.010"/>
  <testcase classname="com.TestNGDemos.D13CreateLoginData" name="f" time="0.005"/>
  <testcase classname="com.TestNGDemos.D13CreateLoginData" name="f" time="0.019"/>
  <testcase classname="com.TestNGDemos.D13CreateLoginData" name="f" time="0.002"/>
  <testcase classname="com.TestNGDemos.D13CreateLoginData" name="f" time="0.009"/>
</testsuite> <!-- com.TestNGDemos.D13CreateLoginData -->
