<?xml version="1.0" encoding="UTF-8"?>
<!-- Generated by org.testng.reporters.JUnitReportReporter -->
<testsuite hostname="DESKTOP-G8O6OG0" failures="0" tests="2" name="com.TestNGDemos.D10POM_Client" time="8.791" errors="0" timestamp="2025-12-08T19:02:26 IST" skipped="0">
  <testcase classname="com.TestNGDemos.D10POM_Client" name="createUser2" time="4.308"/>
  <testcase classname="com.TestNGDemos.D10POM_Client" name="createUser" time="4.483"/>
</testsuite> <!-- com.TestNGDemos.D10POM_Client -->
