<?xml version="1.0" encoding="UTF-8"?>
<!-- Generated by org.testng.reporters.JUnitReportReporter -->
<testsuite hostname="DESKTOP-G8O6OG0" failures="0" tests="2" name="com.TestNGDemos.D05BigBasketAssignment" time="23.427" errors="0" timestamp="2025-11-28T19:25:10 IST" skipped="0">
  <testcase classname="com.TestNGDemos.D05BigBasketAssignment" name="clickGhee" time="13.246"/>
  <testcase classname="com.TestNGDemos.D05BigBasketAssignment" name="clickNandini" time="10.181"/>
</testsuite> <!-- com.TestNGDemos.D05BigBasketAssignment -->
