<?xml version="1.0" encoding="UTF-8"?>
<!-- Generated by org.testng.reporters.JUnitReportReporter -->
<testsuite hostname="DESKTOP-G8O6OG0" failures="0" tests="5" name="com.WebTests.D09InvococationCount" time="0.033" errors="0" timestamp="2026-01-09T18:40:07 IST" skipped="0">
  <testcase classname="com.WebTests.D09InvococationCount" name="f" time="0.004"/>
  <testcase classname="com.WebTests.D09InvococationCount" name="f" time="0.017"/>
  <testcase classname="com.WebTests.D09InvococationCount" name="f" time="0.005"/>
  <testcase classname="com.WebTests.D09InvococationCount" name="f" time="0.004"/>
  <testcase classname="com.WebTests.D09InvococationCount" name="f" time="0.003"/>
</testsuite> <!-- com.WebTests.D09InvococationCount -->
