<?xml version="1.0" encoding="UTF-8"?>
<!-- Generated by org.testng.reporters.JUnitXMLReporter -->
<testsuite ignored="3" hostname="DESKTOP-G8O6OG0" failures="0" tests="1" name="Execute Single Test" time="14.519" errors="0" timestamp="2025-11-28T18:23:45 IST">
  <testcase classname="com.TestNGDemos.D05BigBasketAssignment" name="clickGhee" time="0.4"/>
  <testcase classname="com.TestNGDemos.D05BigBasketAssignment" name="clickTea" time="0.0">
    <ignored/>
  </testcase> <!-- clickTea -->
  <testcase classname="com.TestNGDemos.D05BigBasketAssignment" name="clickExoticFruits" time="0.0">
    <ignored/>
  </testcase> <!-- clickExoticFruits -->
  <testcase classname="com.TestNGDemos.D05BigBasketAssignment" name="clickNandini" time="0.0">
    <ignored/>
  </testcase> <!-- clickNandini -->
</testsuite> <!-- Execute Single Test -->
