<?xml version="1.0" encoding="UTF-8"?>
<!-- Generated by org.testng.reporters.JUnitXMLReporter -->
<testsuite ignored="2" hostname="DESKTOP-G8O6OG0" failures="0" tests="2" name="Execute Multiple Tests" time="27.487" errors="0" timestamp="2025-11-28T18:44:03 IST">
  <testcase classname="com.TestNGDemos.D05BigBasketAssignment" name="clickGhee" time="1.239"/>
  <testcase classname="com.TestNGDemos.D05BigBasketAssignment" name="clickNandini" time="0.394"/>
  <testcase classname="com.TestNGDemos.D05BigBasketAssignment" name="clickTea" time="0.0">
    <ignored/>
  </testcase> <!-- clickTea -->
  <testcase classname="com.TestNGDemos.D05BigBasketAssignment" name="clickExoticFruits" time="0.0">
    <ignored/>
  </testcase> <!-- clickExoticFruits -->
</testsuite> <!-- Execute Multiple Tests -->
