<?xml version="1.0" encoding="UTF-8"?>
<!-- Generated by org.testng.reporters.JUnitXMLReporter -->
<testsuite ignored="0" hostname="DESKTOP-G8O6OG0" failures="0" tests="4" name="Parallel Execution" time="26.883" errors="0" timestamp="2025-12-01T18:22:53 IST">
  <testcase classname="com.TestNGDemos.D02TestOnlineShoppingApps" name="testNykaa" time="14.135"/>
  <testcase classname="com.TestNGDemos.D02TestOnlineShoppingApps" name="testFirstCry" time="15.127"/>
  <testcase classname="com.TestNGDemos.D02TestOnlineShoppingApps" name="testAmazon" time="11.037"/>
  <testcase classname="com.TestNGDemos.D02TestOnlineShoppingApps" name="testBigBasket" time="11.654"/>
</testsuite> <!-- Parallel Execution -->
