<?xml version="1.0" encoding="UTF-8"?>
<testng-results ignored="0" total="1" passed="1" failed="0" skipped="0">
  <reporter-output>
  </reporter-output>
  <suite started-at="2025-12-24T18:46:06 IST" name="Default suite" finished-at="2025-12-24T18:46:16 IST" duration-ms="10913">
    <groups>
    </groups>
    <test started-at="2025-12-24T18:46:06 IST" name="Default test" finished-at="2025-12-24T18:46:16 IST" duration-ms="10913">
      <class name="com.WebTests.D02TrialTestNG_Class">
        <test-method signature="testGoogle()[pri:0, instance:com.WebTests.D02TrialTestNG_Class@409bf450]" started-at="2025-12-24T18:46:06 IST" name="testGoogle" finished-at="2025-12-24T18:46:16 IST" duration-ms="10811" status="PASS">
          <reporter-output>
          </reporter-output>
        </test-method> <!-- testGoogle -->
      </class> <!-- com.WebTests.D02TrialTestNG_Class -->
    </test> <!-- Default test -->
  </suite> <!-- Default suite -->
</testng-results>
