<?xml version="1.0" encoding="UTF-8"?>
<!-- Generated by org.testng.reporters.JUnitXMLReporter -->
<testsuite ignored="0" hostname="DESKTOP-G8O6OG0" failures="2" tests="3" name="Test" time="0.2" errors="0" timestamp="2025-12-25T16:26:10 IST">
  <testcase classname="com.WebTests.D04ReExecution" name="test1" time="0.022"/>
  <testcase classname="com.WebTests.D04ReExecution" name="test2" time="0.024">
    <failure type="java.lang.AssertionError" message="expected [true] but found [false]">
      <![CDATA[java.lang.AssertionError: expected [true] but found [false]
at com.WebTests.D04ReExecution.test2(D04ReExecution.java:13)
at java.base/java.util.ArrayList.forEach(ArrayList.java:1511)
... Removed 31 stack frames]]>
    </failure>
  </testcase> <!-- test2 -->
  <testcase classname="com.WebTests.D04ReExecution" name="test3" time="0.006">
    <failure type="java.lang.AssertionError" message="expected [true] but found [false]">
      <![CDATA[java.lang.AssertionError: expected [true] but found [false]
at com.WebTests.D04ReExecution.test3(D04ReExecution.java:17)
at java.base/java.util.ArrayList.forEach(ArrayList.java:1511)
... Removed 31 stack frames]]>
    </failure>
  </testcase> <!-- test3 -->
</testsuite> <!-- Test -->
